# JRE version: Java(TM) SE Runtime Environment (8.0_151-b12) (build 1.8.0_151-b12)
# Java VM: Java HotSpot(TM) 64-Bit Server VM (25.151-b12 mixed mode bsd-amd64 compressed oops)
Heap:
 PSYoungGen      total 187392K, used 127192K [0x0000000795580000, 0x00000007a6880000, 0x00000007c0000000)
  eden space 171520K, 74% used [0x0000000795580000,0x000000079d1b6348,0x000000079fd00000)
  from space 15872K, 0% used [0x000000079fd00000,0x000000079fd00000,0x00000007a0c80000)
  to   space 17408K, 0% used [0x00000007a5780000,0x00000007a5780000,0x00000007a6880000)
 ParOldGen       total 94208K, used 24076K [0x0000000740000000, 0x0000000745c00000, 0x0000000795580000)
  object space 94208K, 25% used [0x0000000740000000,0x0000000741783360,0x0000000745c00000)
 Metaspace       used 39323K, capacity 39826K, committed 40320K, reserved 1085440K
  class space    used 4995K, capacity 5123K, committed 5248K, reserved 1048576K
GC Heap History (10 events):
Event: 3.728 GC heap before
{Heap before GC invocations=7 (full 1):
 PSYoungGen      total 71680K, used 66560K [0x0000000795580000, 0x000000079eb80000, 0x00000007c0000000)
  eden space 66560K, 100% used [0x0000000795580000,0x0000000799680000,0x0000000799680000)
  from space 5120K, 0% used [0x0000000799680000,0x0000000799680000,0x0000000799b80000)
  to   space 10240K, 0% used [0x000000079e180000,0x000000079e180000,0x000000079eb80000)
 ParOldGen       total 60416K, used 9543K [0x0000000740000000, 0x0000000743b00000, 0x0000000795580000)
  object space 60416K, 15% used [0x0000000740000000,0x0000000740951ef0,0x0000000743b00000)
 Metaspace       used 23834K, capacity 24222K, committed 24448K, reserved 1071104K
  class space    used 3031K, capacity 3124K, committed 3200K, reserved 1048576K
Event: 3.741 GC heap after
Heap after GC invocations=7 (full 1):
 PSYoungGen      total 111616K, used 4855K [0x0000000795580000, 0x000000079e680000, 0x00000007c0000000)
  eden space 106496K, 0% used [0x0000000795580000,0x0000000795580000,0x000000079bd80000)
  from space 5120K, 94% used [0x000000079e180000,0x000000079e63dda8,0x000000079e680000)
  to   space 10240K, 0% used [0x000000079d280000,0x000000079d280000,0x000000079dc80000)
 ParOldGen       total 60416K, used 9551K [0x0000000740000000, 0x0000000743b00000, 0x0000000795580000)
  object space 60416K, 15% used [0x0000000740000000,0x0000000740953ef0,0x0000000743b00000)
 Metaspace       used 23834K, capacity 24222K, committed 24448K, reserved 1071104K
  class space    used 3031K, capacity 3124K, committed 3200K, reserved 1048576K
}
Event: 4.574 GC heap before
{Heap before GC invocations=8 (full 1):
 PSYoungGen      total 111616K, used 111351K [0x0000000795580000, 0x000000079e680000, 0x00000007c0000000)
  eden space 106496K, 100% used [0x0000000795580000,0x000000079bd80000,0x000000079bd80000)
  from space 5120K, 94% used [0x000000079e180000,0x000000079e63dda8,0x000000079e680000)
  to   space 10240K, 0% used [0x000000079d280000,0x000000079d280000,0x000000079dc80000)
 ParOldGen       total 60416K, used 9551K [0x0000000740000000, 0x0000000743b00000, 0x0000000795580000)
  object space 60416K, 15% used [0x0000000740000000,0x0000000740953ef0,0x0000000743b00000)
 Metaspace       used 28921K, capacity 29326K, committed 29696K, reserved 1075200K
  class space    used 3705K, capacity 3836K, committed 3840K, reserved 1048576K
Event: 4.615 GC heap after
Heap after GC invocations=8 (full 1):
 PSYoungGen      total 138240K, used 10228K [0x0000000795580000, 0x00000007a1900000, 0x00000007c0000000)
  eden space 128000K, 0% used [0x0000000795580000,0x0000000795580000,0x000000079d280000)
  from space 10240K, 99% used [0x000000079d280000,0x000000079dc7d0e8,0x000000079dc80000)
  to   space 12800K, 0% used [0x00000007a0c80000,0x00000007a0c80000,0x00000007a1900000)
 ParOldGen       total 60416K, used 12549K [0x0000000740000000, 0x0000000743b00000, 0x0000000795580000)
  object space 60416K, 20% used [0x0000000740000000,0x0000000740c415a0,0x0000000743b00000)
 Metaspace       used 28921K, capacity 29326K, committed 29696K, reserved 1075200K
  class space    used 3705K, capacity 3836K, committed 3840K, reserved 1048576K
}
Event: 5.265 GC heap before
{Heap before GC invocations=9 (full 1):
 PSYoungGen      total 138240K, used 138228K [0x0000000795580000, 0x00000007a1900000, 0x00000007c0000000)
  eden space 128000K, 100% used [0x0000000795580000,0x000000079d280000,0x000000079d280000)
  from space 10240K, 99% used [0x000000079d280000,0x000000079dc7d0e8,0x000000079dc80000)
  to   space 12800K, 0% used [0x00000007a0c80000,0x00000007a0c80000,0x00000007a1900000)
 ParOldGen       total 60416K, used 12549K [0x0000000740000000, 0x0000000743b00000, 0x0000000795580000)
  object space 60416K, 20% used [0x0000000740000000,0x0000000740c415a0,0x0000000743b00000)
 Metaspace       used 32737K, capacity 33170K, committed 33536K, reserved 1079296K
  class space    used 4214K, capacity 4322K, committed 4352K, reserved 1048576K
Event: 5.299 GC heap after
Heap after GC invocations=9 (full 1):
 PSYoungGen      total 184320K, used 12777K [0x0000000795580000, 0x00000007a4580000, 0x00000007c0000000)
  eden space 171520K, 0% used [0x0000000795580000,0x0000000795580000,0x000000079fd00000)
  from space 12800K, 99% used [0x00000007a0c80000,0x00000007a18fa4a0,0x00000007a1900000)
  to   space 15872K, 0% used [0x000000079fd00000,0x000000079fd00000,0x00000007a0c80000)
 ParOldGen       total 60416K, used 15081K [0x0000000740000000, 0x0000000743b00000, 0x0000000795580000)
  object space 60416K, 24% used [0x0000000740000000,0x0000000740eba760,0x0000000743b00000)
 Metaspace       used 32737K, capacity 33170K, committed 33536K, reserved 1079296K
  class space    used 4214K, capacity 4322K, committed 4352K, reserved 1048576K
}
Event: 5.675 GC heap before
{Heap before GC invocations=10 (full 1):
 PSYoungGen      total 184320K, used 62725K [0x0000000795580000, 0x00000007a4580000, 0x00000007c0000000)
  eden space 171520K, 29% used [0x0000000795580000,0x00000007986472d8,0x000000079fd00000)
  from space 12800K, 99% used [0x00000007a0c80000,0x00000007a18fa4a0,0x00000007a1900000)
  to   space 15872K, 0% used [0x000000079fd00000,0x000000079fd00000,0x00000007a0c80000)
 ParOldGen       total 60416K, used 15081K [0x0000000740000000, 0x0000000743b00000, 0x0000000795580000)
  object space 60416K, 24% used [0x0000000740000000,0x0000000740eba760,0x0000000743b00000)
 Metaspace       used 34687K, capacity 35042K, committed 35416K, reserved 1081344K
  class space    used 4394K, capacity 4499K, committed 4608K, reserved 1048576K
Event: 5.708 GC heap after
Heap after GC invocations=10 (full 1):
 PSYoungGen      total 187392K, used 14842K [0x0000000795580000, 0x00000007a6880000, 0x00000007c0000000)
  eden space 171520K, 0% used [0x0000000795580000,0x0000000795580000,0x000000079fd00000)
  from space 15872K, 93% used [0x000000079fd00000,0x00000007a0b7eb60,0x00000007a0c80000)
  to   space 17408K, 0% used [0x00000007a5780000,0x00000007a5780000,0x00000007a6880000)
 ParOldGen       total 60416K, used 16833K [0x0000000740000000, 0x0000000743b00000, 0x0000000795580000)
  object space 60416K, 27% used [0x0000000740000000,0x0000000741070760,0x0000000743b00000)
 Metaspace       used 34687K, capacity 35042K, committed 35416K, reserved 1081344K
  class space    used 4394K, capacity 4499K, committed 4608K, reserved 1048576K
}
Event: 5.708 GC heap before
{Heap before GC invocations=11 (full 2):
 PSYoungGen      total 187392K, used 14842K [0x0000000795580000, 0x00000007a6880000, 0x00000007c0000000)
  eden space 171520K, 0% used [0x0000000795580000,0x0000000795580000,0x000000079fd00000)
  from space 15872K, 93% used [0x000000079fd00000,0x00000007a0b7eb60,0x00000007a0c80000)
  to   space 17408K, 0% used [0x00000007a5780000,0x00000007a5780000,0x00000007a6880000)
 ParOldGen       total 60416K, used 16833K [0x0000000740000000, 0x0000000743b00000, 0x0000000795580000)
  object space 60416K, 27% used [0x0000000740000000,0x0000000741070760,0x0000000743b00000)
 Metaspace       used 34687K, capacity 35042K, committed 35416K, reserved 1081344K
  class space    used 4394K, capacity 4499K, committed 4608K, reserved 1048576K
Event: 5.843 GC heap after
Heap after GC invocations=11 (full 2):
 PSYoungGen      total 187392K, used 0K [0x0000000795580000, 0x00000007a6880000, 0x00000007c0000000)
  eden space 171520K, 0% used [0x0000000795580000,0x0000000795580000,0x000000079fd00000)
  from space 15872K, 0% used [0x000000079fd00000,0x000000079fd00000,0x00000007a0c80000)
  to   space 17408K, 0% used [0x00000007a5780000,0x00000007a5780000,0x00000007a6880000)
 ParOldGen       total 94208K, used 24076K [0x0000000740000000, 0x0000000745c00000, 0x0000000795580000)
  object space 94208K, 25% used [0x0000000740000000,0x0000000741783360,0x0000000745c00000)
 Metaspace       used 34687K, capacity 35042K, committed 35416K, reserved 1081344K
  class space    used 4394K, capacity 4499K, committed 4608K, reserved 1048576K
}

